<?xml version="1.0" encoding="UTF-8"?>
<!-- Generated by org.testng.reporters.JUnitXMLReporter -->
<testsuite ignored="0" hostname="DELL1" failures="1" tests="1" name="BankingApp Test" time="12.231" errors="0" timestamp="2022-08-13T22:16:50 IST">
  <testcase classname="com.inetBanking.testCases.TC_LoginDDT_002" name="LoginDDT" time="0.0">
    <failure type="java.lang.RuntimeException" message="java.lang.NoClassDefFoundError: org/apache/commons/io/output/UnsynchronizedByteArrayOutputStream">
      <![CDATA[java.lang.RuntimeException: java.lang.NoClassDefFoundError: org/apache/commons/io/output/UnsynchronizedByteArrayOutputStream
at java.base/java.util.ArrayList.forEach(ArrayList.java:1511)
Caused by: java.lang.NoClassDefFoundError: org/apache/commons/io/output/UnsynchronizedByteArrayOutputStream
at com.inetBanking.utilities.XLUtils.getRowCount(XLUtils.java:26)
at com.inetBanking.testCases.TC_LoginDDT_002.getData(TC_LoginDDT_002.java:68)
... 25 more
Caused by: java.lang.ClassNotFoundException: org.apache.commons.io.output.UnsynchronizedByteArrayOutputStream
at java.base/jdk.internal.loader.BuiltinClassLoader.loadClass(BuiltinClassLoader.java:636)
at java.base/jdk.internal.loader.ClassLoaders$AppClassLoader.loadClass(ClassLoaders.java:182)
at java.base/java.lang.ClassLoader.loadClass(ClassLoader.java:519)
... 34 more
... Removed 32 stack frames]]>
    </failure>
  </testcase> <!-- LoginDDT -->
</testsuite> <!-- BankingApp Test -->
