<?xml version="1.0" encoding="UTF-8"?>
<testng-results ignored="0" total="1" passed="1" failed="0" skipped="0">
  <reporter-output>
  </reporter-output>
  <suite started-at="2022-08-18T11:05:04 IST" name="inetBankingV1" finished-at="2022-08-18T11:05:32 IST" duration-ms="27632">
    <groups>
    </groups>
    <test started-at="2022-08-18T11:05:04 IST" name="BankingApp Test" finished-at="2022-08-18T11:05:32 IST" duration-ms="27632">
      <class name="com.inetBanking.testCases.TC_LoginTest_001">
        <test-method is-config="true" signature="SetUp(java.lang.String)[pri:0, instance:com.inetBanking.testCases.TC_LoginTest_001@793f29ff]" started-at="2022-08-18T11:05:06 IST" name="SetUp" finished-at="2022-08-18T11:05:27 IST" duration-ms="21181" status="PASS">
          <params>
            <param index="0">
              <value>
                <![CDATA[chrome]]>
              </value>
            </param>
          </params>
          <reporter-output>
          </reporter-output>
        </test-method> <!-- SetUp -->
        <test-method signature="loginTest()[pri:0, instance:com.inetBanking.testCases.TC_LoginTest_001@793f29ff]" started-at="2022-08-18T11:05:27 IST" name="loginTest" finished-at="2022-08-18T11:05:31 IST" duration-ms="4287" status="PASS">
          <reporter-output>
          </reporter-output>
        </test-method> <!-- loginTest -->
        <test-method is-config="true" signature="tearDownMethod()[pri:0, instance:com.inetBanking.testCases.TC_LoginTest_001@793f29ff]" started-at="2022-08-18T11:05:31 IST" name="tearDownMethod" finished-at="2022-08-18T11:05:32 IST" duration-ms="815" status="PASS">
          <reporter-output>
          </reporter-output>
        </test-method> <!-- tearDownMethod -->
      </class> <!-- com.inetBanking.testCases.TC_LoginTest_001 -->
    </test> <!-- BankingApp Test -->
  </suite> <!-- inetBankingV1 -->
</testng-results>
